# JRE version: OpenJDK Runtime Environment (8.0_152-b01) (build 1.8.0_152-release-1248-b01)
# Java VM: OpenJDK 64-Bit Server VM (25.152-b01 mixed mode linux-amd64 compressed oops)
Heap:
 PSYoungGen      total 336896K, used 21625K [0x00000000e0000000, 0x00000000f6480000, 0x0000000100000000)
  eden space 308736K, 0% used [0x00000000e0000000,0x00000000e0000000,0x00000000f2d80000)
  from space 28160K, 76% used [0x00000000f2d80000,0x00000000f429e670,0x00000000f4900000)
  to   space 22016K, 0% used [0x00000000f4f00000,0x00000000f4f00000,0x00000000f6480000)
 ParOldGen       total 86016K, used 30860K [0x00000000a0000000, 0x00000000a5400000, 0x00000000e0000000)
  object space 86016K, 35% used [0x00000000a0000000,0x00000000a1e23028,0x00000000a5400000)
 Metaspace       used 84555K, capacity 87736K, committed 88112K, reserved 1126400K
  class space    used 10999K, capacity 11709K, committed 11824K, reserved 1048576K
GC Heap History (10 events):
Event: 12.020 GC heap after
Heap after GC invocations=11 (full 2):
 PSYoungGen      total 221184K, used 14832K [0x00000000e0000000, 0x00000000f2d00000, 0x0000000100000000)
  eden space 206336K, 0% used [0x00000000e0000000,0x00000000e0000000,0x00000000ec980000)
  from space 14848K, 99% used [0x00000000ec980000,0x00000000ed7fc158,0x00000000ed800000)
  to   space 21504K, 0% used [0x00000000f1800000,0x00000000f1800000,0x00000000f2d00000)
 ParOldGen       total 56832K, used 28167K [0x00000000a0000000, 0x00000000a3780000, 0x00000000e0000000)
  object space 56832K, 49% used [0x00000000a0000000,0x00000000a1b81f98,0x00000000a3780000)
 Metaspace       used 54052K, capacity 55290K, committed 55472K, reserved 1097728K
  class space    used 7373K, capacity 7754K, committed 7856K, reserved 1048576K
}
Event: 13.475 GC heap before
{Heap before GC invocations=12 (full 2):
 PSYoungGen      total 221184K, used 77054K [0x00000000e0000000, 0x00000000f2d00000, 0x0000000100000000)
  eden space 206336K, 30% used [0x00000000e0000000,0x00000000e3cc36a8,0x00000000ec980000)
  from space 14848K, 99% used [0x00000000ec980000,0x00000000ed7fc158,0x00000000ed800000)
  to   space 21504K, 0% used [0x00000000f1800000,0x00000000f1800000,0x00000000f2d00000)
 ParOldGen       total 56832K, used 28167K [0x00000000a0000000, 0x00000000a3780000, 0x00000000e0000000)
  object space 56832K, 49% used [0x00000000a0000000,0x00000000a1b81f98,0x00000000a3780000)
 Metaspace       used 57596K, capacity 59110K, committed 59160K, reserved 1099776K
  class space    used 7962K, capacity 8368K, committed 8368K, reserved 1048576K
Event: 13.506 GC heap after
Heap after GC invocations=12 (full 2):
 PSYoungGen      total 284672K, used 16987K [0x00000000e0000000, 0x00000000f3200000, 0x0000000100000000)
  eden space 263168K, 0% used [0x00000000e0000000,0x00000000e0000000,0x00000000f0100000)
  from space 21504K, 78% used [0x00000000f1800000,0x00000000f2896f00,0x00000000f2d00000)
  to   space 23552K, 0% used [0x00000000f0100000,0x00000000f0100000,0x00000000f1800000)
 ParOldGen       total 56832K, used 28175K [0x00000000a0000000, 0x00000000a3780000, 0x00000000e0000000)
  object space 56832K, 49% used [0x00000000a0000000,0x00000000a1b83f98,0x00000000a3780000)
 Metaspace       used 57596K, capacity 59110K, committed 59160K, reserved 1099776K
  class space    used 7962K, capacity 8368K, committed 8368K, reserved 1048576K
}
Event: 13.506 GC heap before
{Heap before GC invocations=13 (full 3):
 PSYoungGen      total 284672K, used 16987K [0x00000000e0000000, 0x00000000f3200000, 0x0000000100000000)
  eden space 263168K, 0% used [0x00000000e0000000,0x00000000e0000000,0x00000000f0100000)
  from space 21504K, 78% used [0x00000000f1800000,0x00000000f2896f00,0x00000000f2d00000)
  to   space 23552K, 0% used [0x00000000f0100000,0x00000000f0100000,0x00000000f1800000)
 ParOldGen       total 56832K, used 28175K [0x00000000a0000000, 0x00000000a3780000, 0x00000000e0000000)
  object space 56832K, 49% used [0x00000000a0000000,0x00000000a1b83f98,0x00000000a3780000)
 Metaspace       used 57596K, capacity 59110K, committed 59160K, reserved 1099776K
  class space    used 7962K, capacity 8368K, committed 8368K, reserved 1048576K
Event: 13.778 GC heap after
Heap after GC invocations=13 (full 3):
 PSYoungGen      total 284672K, used 0K [0x00000000e0000000, 0x00000000f3200000, 0x0000000100000000)
  eden space 263168K, 0% used [0x00000000e0000000,0x00000000e0000000,0x00000000f0100000)
  from space 21504K, 0% used [0x00000000f1800000,0x00000000f1800000,0x00000000f2d00000)
  to   space 23552K, 0% used [0x00000000f0100000,0x00000000f0100000,0x00000000f1800000)
 ParOldGen       total 86016K, used 30828K [0x00000000a0000000, 0x00000000a5400000, 0x00000000e0000000)
  object space 86016K, 35% used [0x00000000a0000000,0x00000000a1e1b028,0x00000000a5400000)
 Metaspace       used 57596K, capacity 59110K, committed 59160K, reserved 1099776K
  class space    used 7962K, capacity 8368K, committed 8368K, reserved 1048576K
}
Event: 1394.804 GC heap before
{Heap before GC invocations=14 (full 3):
 PSYoungGen      total 284672K, used 263168K [0x00000000e0000000, 0x00000000f3200000, 0x0000000100000000)
  eden space 263168K, 100% used [0x00000000e0000000,0x00000000f0100000,0x00000000f0100000)
  from space 21504K, 0% used [0x00000000f1800000,0x00000000f1800000,0x00000000f2d00000)
  to   space 23552K, 0% used [0x00000000f0100000,0x00000000f0100000,0x00000000f1800000)
 ParOldGen       total 86016K, used 30828K [0x00000000a0000000, 0x00000000a5400000, 0x00000000e0000000)
  object space 86016K, 35% used [0x00000000a0000000,0x00000000a1e1b028,0x00000000a5400000)
 Metaspace       used 66113K, capacity 68304K, committed 68528K, reserved 1107968K
  class space    used 8782K, capacity 9331K, committed 9392K, reserved 1048576K
Event: 1394.867 GC heap after
Heap after GC invocations=14 (full 3):
 PSYoungGen      total 286720K, used 23189K [0x00000000e0000000, 0x00000000f6980000, 0x0000000100000000)
  eden space 263168K, 0% used [0x00000000e0000000,0x00000000e0000000,0x00000000f0100000)
  from space 23552K, 98% used [0x00000000f0100000,0x00000000f17a57e0,0x00000000f1800000)
  to   space 27136K, 0% used [0x00000000f4f00000,0x00000000f4f00000,0x00000000f6980000)
 ParOldGen       total 86016K, used 30836K [0x00000000a0000000, 0x00000000a5400000, 0x00000000e0000000)
  object space 86016K, 35% used [0x00000000a0000000,0x00000000a1e1d028,0x00000000a5400000)
 Metaspace       used 66113K, capacity 68304K, committed 68528K, reserved 1107968K
  class space    used 8782K, capacity 9331K, committed 9392K, reserved 1048576K
}
Event: 1422.154 GC heap before
{Heap before GC invocations=15 (full 3):
 PSYoungGen      total 286720K, used 286112K [0x00000000e0000000, 0x00000000f6980000, 0x0000000100000000)
  eden space 263168K, 99% used [0x00000000e0000000,0x00000000f00c2b18,0x00000000f0100000)
  from space 23552K, 98% used [0x00000000f0100000,0x00000000f17a57e0,0x00000000f1800000)
  to   space 27136K, 0% used [0x00000000f4f00000,0x00000000f4f00000,0x00000000f6980000)
 ParOldGen       total 86016K, used 30836K [0x00000000a0000000, 0x00000000a5400000, 0x00000000e0000000)
  object space 86016K, 35% used [0x00000000a0000000,0x00000000a1e1d028,0x00000000a5400000)
 Metaspace       used 74354K, capacity 76668K, committed 76976K, reserved 1116160K
  class space    used 9762K, capacity 10337K, committed 10416K, reserved 1048576K
Event: 1422.332 GC heap after
Heap after GC invocations=15 (full 3):
 PSYoungGen      total 330752K, used 17872K [0x00000000e0000000, 0x00000000f6480000, 0x0000000100000000)
  eden space 308736K, 0% used [0x00000000e0000000,0x00000000e0000000,0x00000000f2d80000)
  from space 22016K, 81% used [0x00000000f4f00000,0x00000000f6074308,0x00000000f6480000)
  to   space 28160K, 0% used [0x00000000f2d80000,0x00000000f2d80000,0x00000000f4900000)
 ParOldGen       total 86016K, used 30844K [0x00000000a0000000, 0x00000000a5400000, 0x00000000e0000000)
  object space 86016K, 35% used [0x00000000a0000000,0x00000000a1e1f028,0x00000000a5400000)
 Metaspace       used 74354K, capacity 76668K, committed 76976K, reserved 1116160K
  class space    used 9762K, capacity 10337K, committed 10416K, reserved 1048576K
}
Event: 1433.088 GC heap before
{Heap before GC invocations=16 (full 3):
 PSYoungGen      total 330752K, used 326608K [0x00000000e0000000, 0x00000000f6480000, 0x0000000100000000)
  eden space 308736K, 100% used [0x00000000e0000000,0x00000000f2d80000,0x00000000f2d80000)
  from space 22016K, 81% used [0x00000000f4f00000,0x00000000f6074308,0x00000000f6480000)
  to   space 28160K, 0% used [0x00000000f2d80000,0x00000000f2d80000,0x00000000f4900000)
 ParOldGen       total 86016K, used 30844K [0x00000000a0000000, 0x00000000a5400000, 0x00000000e0000000)
  object space 86016K, 35% used [0x00000000a0000000,0x00000000a1e1f028,0x00000000a5400000)
 Metaspace       used 84555K, capacity 87736K, committed 88112K, reserved 1126400K
  class space    used 10999K, capacity 11709K, committed 11824K, reserved 1048576K

